2023-12-18 14:38:41|   0.0|  0.0|INFORM|Current FME version: FME 2023.0.1.0 (20230630 - Build 23332 - WIN64)
2023-12-18 14:38:41|   0.0|  0.0|INFORM|System Time: 20231218133841 UTC
2023-12-18 14:38:41|   0.0|  0.0|INFORM|FME_HOME is 'C:\Program Files\FME\'
2023-12-18 14:38:41|   0.0|  0.0|INFORM|FME for March (node locked-crc)
2023-12-18 14:38:41|   0.0|  0.0|INFORM|Serial Number: 0
2023-12-18 14:38:41|   0.0|  0.0|INFORM|Temporary License: 106 days left.
2023-12-18 14:38:41|   0.0|  0.0|INFORM|Machine host name is: Felicyja
2023-12-18 14:38:41|   0.0|  0.0|INFORM|OS Locale Name     : en_GB
2023-12-18 14:38:41|   0.0|  0.0|INFORM|OS Locale Encoding : windows-1250
2023-12-18 14:38:41|   0.0|  0.0|INFORM|Process Encoding   : UTF-8
2023-12-18 14:38:41|   0.0|  0.0|INFORM|FME API version: '4.0 20230418'
2023-12-18 14:38:41|   0.0|  0.0|INFORM|FME Configuration: FME_BASE is 'no'
2023-12-18 14:38:41|   0.0|  0.0|INFORM|FME Configuration: FME_MF_DIR is 'C:\Users\zuzka\Documents\studia\GEOINFA\Bazy_danych_przestrzennych\lab8/'
2023-12-18 14:38:41|   0.0|  0.0|INFORM|FME Configuration: FME_MF_NAME is 'fme1.fmw'
2023-12-18 14:38:41|   0.0|  0.0|INFORM|FME Configuration: FME_PRODUCT_NAME is 'FME(R) 2023.0.1.0'
2023-12-18 14:38:41|   0.0|  0.0|INFORM|Operating System: Microsoft Windows 11 64-bit  (Build 22621)
2023-12-18 14:38:41|   0.0|  0.0|INFORM|FME Platform: WIN64
2023-12-18 14:38:41|   0.0|  0.0|INFORM|System Status: 365.14 GB of disk space available in the FME temporary folder (C:\Users\zuzka\AppData\Local\Temp\wbrun_1702905447155_20724\fmetmp_3)
2023-12-18 14:38:41|   0.0|  0.0|INFORM|System Status: 31.31 GB of physical memory available
2023-12-18 14:38:41|   0.0|  0.0|INFORM|System Status: 125.25 GB of virtual memory available
2023-12-18 14:38:41|   0.0|  0.0|INFORM|START - ProcessID: 4404, peak process memory usage: 43036 kB, current process memory usage: 43036 kB
2023-12-18 14:38:41|   0.0|  0.0|INFORM|FME Configuration: Command line arguments are `C:\Program Files\FME\fme.exe' `C:/Users/zuzka/Documents/studia/GEOINFA/Bazy_danych_przestrzennych/lab8\wb-xlate-1702906719475_20724' `LOG_STANDARDOUT' `YES' `LOG_TIMINGS' `YES' `LogCountServerName' `50352' `LOG_STANDARDOUT' `No' `WORKBENCH_LOG_SERVER' `50100'
2023-12-18 14:38:41|   0.0|  0.0|INFORM|FME Configuration: Connection Storage: 'C:\Users\zuzka\AppData\Roaming\Safe Software\FME\'
2023-12-18 14:38:41|   0.0|  0.0|INFORM|Shared folders for formats are : C:\Program Files\FME\datasources;C:\Users\zuzka\Documents\FME\Formats
2023-12-18 14:38:41|   0.0|  0.0|INFORM|Shared folders for transformers are : C:\Users\zuzka\AppData\Roaming\Safe Software\FME\Packages\23332-win64\transformers;C:\Program Files\FME\transformers;C:\Users\zuzka\AppData\Roaming\Safe Software\FME\FME Store\Transformers
2023-12-18 14:38:41|   0.0|  0.0|INFORM|Shared folders for coordinate systems are : C:\Users\zuzka\Documents\FME\CoordinateSystems
2023-12-18 14:38:41|   0.0|  0.0|INFORM|Shared folders for coordinate system exceptions are : C:\Users\zuzka\Documents\FME\CoordinateSystemExceptions
2023-12-18 14:38:41|   0.0|  0.0|INFORM|Shared folders for coordinate system grid overrides are : C:\Users\zuzka\Documents\FME\CoordinateSystemGridOverrides
2023-12-18 14:38:41|   0.0|  0.0|INFORM|Shared folders for CS-MAP transformation exceptions are : C:\Users\zuzka\Documents\FME\CsmapTransformationExceptions
2023-12-18 14:38:41|   0.0|  0.0|INFORM|Shared folders for transformer categories are : C:\Users\zuzka\Documents\FME\TransformerCategories
2023-12-18 14:38:41|   0.0|  0.0|INFORM|FME Configuration: Reader Keyword is `MULTI_READER'
2023-12-18 14:38:41|   0.0|  0.0|INFORM|FME Configuration: Writer Keyword is `MULTI_WRITER'
2023-12-18 14:38:41|   0.0|  0.0|INFORM|FME Configuration: Writer Group Definition Keyword is `MULTI_WRITER_DEF'
2023-12-18 14:38:41|   0.0|  0.0|INFORM|FME Configuration: Reader type is `MULTI_READER'
2023-12-18 14:38:41|   0.0|  0.0|INFORM|FME Configuration: Writer type is `MULTI_WRITER'
2023-12-18 14:38:41|   0.0|  0.0|INFORM|FME Configuration: No destination coordinate system set
2023-12-18 14:38:41|   0.0|  0.0|INFORM|FME Configuration: Current working folder is `C:\Users\zuzka\Documents\studia\GEOINFA\Bazy_danych_przestrzennych\lab8'
2023-12-18 14:38:41|   0.0|  0.0|INFORM|FME Configuration: Temporary folder is `C:\Users\zuzka\AppData\Local\Temp\wbrun_1702905447155_20724\fmetmp_3', set from environment variable `FME_TEMP'
2023-12-18 14:38:41|   0.0|  0.0|INFORM|FME Configuration: Cache folder is 'C:\Users\zuzka\AppData\Local\Temp'
2023-12-18 14:38:41|   0.0|  0.0|INFORM|FME Configuration: FME_HOME is `C:\Program Files\FME\'
2023-12-18 14:38:41|   0.0|  0.0|INFORM|FME Configuration: Start freeing memory when the process exceeds 93.94 GB
2023-12-18 14:38:41|   0.0|  0.0|INFORM|FME Configuration: Stop freeing memory when the process is below 70.45 GB
2023-12-18 14:38:41|   0.0|  0.0|INFORM|Creating writer for format: 
2023-12-18 14:38:41|   0.0|  0.0|INFORM|Creating reader for format: 
2023-12-18 14:38:41|   0.0|  0.0|INFORM|MULTI_READER(MULTI_READER): Will fail with first member reader failure
2023-12-18 14:38:41|   0.0|  0.0|INFORM|Using Multi Reader with keyword `MULTI_READER' to read multiple datasets
2023-12-18 14:38:41|   0.0|  0.0|INFORM|Using MultiWriter with keyword `MULTI_WRITER' to output data (ID_ATTRIBUTE is `multi_writer_id')
2023-12-18 14:38:41|   0.0|  0.0|INFORM|Writer output will be ordered by value of multi_writer_id
2023-12-18 14:38:41|   0.0|  0.0|INFORM|Loaded module 'LogCount_func' from file 'C:\Program Files\FME\plugins/LogCount_func.dll'
2023-12-18 14:38:41|   0.0|  0.0|INFORM|FME API version of module 'LogCount_func' matches current internal version (4.0 20230418)
2023-12-18 14:38:41|   0.0|  0.0|INFORM|Loaded module 'PythonFactory' from file 'C:\Program Files\FME\plugins/PythonFactory.dll'
2023-12-18 14:38:41|   0.0|  0.0|INFORM|FME API version of module 'PythonFactory' matches current internal version (4.0 20230418)
2023-12-18 14:38:41|   0.0|  0.0|INFORM|Using Python interpreter from `C:\Program Files\FME\fmepython311\python311.dll' with PYTHONHOME `C:\Program Files\FME\fmepython311'
2023-12-18 14:38:41|   0.0|  0.0|INFORM|Python version 3.11 loaded successfully
2023-12-18 14:38:41|   0.1|  0.1|INFORM|Adding folder `C:\Users\zuzka\Documents\studia\GEOINFA\Bazy_danych_przestrzennych\lab8\' to the python path
2023-12-18 14:38:41|   0.2|  0.1|INFORM|Loaded module 'InspectorFactory' from file 'C:\Program Files\FME\plugins/InspectorFactory.dll'
2023-12-18 14:38:41|   0.2|  0.0|INFORM|FME API version of module 'InspectorFactory' matches current internal version (4.0 20230418)
2023-12-18 14:38:41|   0.2|  0.0|INFORM|Emptying factory pipeline
2023-12-18 14:38:41|   0.2|  0.0|STATS |Router and Unexpected Input Remover (RoutingFactory): Tested 0 input feature(s), wrote 0 output feature(s): 0 matched merge filters, 0 were routed to output, 0 could not be routed.
2023-12-18 14:38:41|   0.2|  0.0|STATS |Unwanted Router Input Nuker (TeeFactory): Cloned 0 input feature(s) into 0 output feature(s)
2023-12-18 14:38:41|   0.2|  0.0|STATS |GEOTIFF_GEOTIFF_1 Splitter (TeeFactory): Cloned 0 input feature(s) into 0 output feature(s)
2023-12-18 14:38:41|   0.2|  0.0|STATS |scotland_and_wales_region_OGCGEOPACKAGE_1 Splitter (TeeFactory): Cloned 0 input feature(s) into 0 output feature(s)
2023-12-18 14:38:41|   0.2|  0.0|STATS |Restoring 56 feature(s) from FME feature store file `C:\Users\zuzka\AppData\Local\Temp\wb-cache-fme1-TZkvlu\Main_Reprojector -1 5 fo 0 REPROJECTED  0  1a38b07b9a824b8d969cbfe29171fe081f43cc25.ffs'
2023-12-18 14:38:43|   0.9|  0.7|STATS |Storing feature(s) to FME feature store file `C:\Users\zuzka\AppData\Local\Temp\wb-inspectors-OGmCPv\inspector.ffs'
2023-12-18 14:39:21|  18.4| 17.5|STATS |FilePropertyExtractor Input Input Collector (TeeFactory): Cloned 56 input feature(s) into 56 output feature(s)
2023-12-18 14:39:21|  18.4|  0.0|STATS |FilePropertyExtractor_Input1702906719 Input Splitter (TeeFactory): Cloned 56 input feature(s) into 56 output feature(s)
2023-12-18 14:39:21|  18.4|  0.0|STATS |FilePropertyExtractor_ParameterFetcher (TeeFactory): Cloned 56 input feature(s) into 56 output feature(s)
2023-12-18 14:39:21|  18.4|  0.0|INFORM|Optional `process_group' method not present; not called
2023-12-18 14:39:21|  18.4|  0.0|INFORM|Optional `close' method not present; not called
2023-12-18 14:39:21|  18.4|  0.0|STATS |FilePropertyExtractor_Tester (TestFactory): Tested 56 input feature(s) -- 56 feature(s) passed and 0 feature(s) failed
2023-12-18 14:39:21|  18.4|  0.0|STATS |FilePropertyExtractor_AttributeRemover (TeeFactory): Cloned 56 input feature(s) into 56 output feature(s)
2023-12-18 14:39:21|  18.4|  0.0|STATS |FilePropertyExtractor_DateFormatter (TeeFactory): Cloned 56 input feature(s) into 56 output feature(s)
2023-12-18 14:39:21|  18.4|  0.0|STATS |FilePropertyExtractor_AttributeRemover_2 (TeeFactory): Cloned 0 input feature(s) into 0 output feature(s)
2023-12-18 14:39:21|  18.4|  0.0|STATS |FilePropertyExtractor_Output1702906719 Output Collector (TeeFactory): Cloned 56 input feature(s) into 56 output feature(s)
2023-12-18 14:39:21|  18.4|  0.0|STATS |FilePropertyExtractor_<Rejected>1702906719 Output Collector (TeeFactory): Cloned 0 input feature(s) into 0 output feature(s)
2023-12-18 14:39:21|  18.4|  0.0|STATS |FilePropertyExtractor Output Output Renamer/Nuker (TeeFactory): Cloned 56 input feature(s) into 56 output feature(s)
2023-12-18 14:39:21|  18.4|  0.0|STATS |FilePropertyExtractor <Rejected> Output Renamer/Nuker (TeeFactory): Cloned 0 input feature(s) into 0 output feature(s)
2023-12-18 14:39:21|  18.4|  0.0|STATS |Stored 56 feature(s) to FME feature store file `C:\Users\zuzka\AppData\Local\Temp\wb-inspectors-OGmCPv\inspector.ffs'
2023-12-18 14:39:21|  18.5|  0.1|INFORM|Saving spatial index into file 'C:\Users\zuzka\AppData\Local\Temp\wb-inspectors-OGmCPv\inspector.fsi'
2023-12-18 14:39:21|  18.5|  0.0|INFORM|Finished saving spatial index into file 'C:\Users\zuzka\AppData\Local\Temp\wb-inspectors-OGmCPv\inspector.fsi'
2023-12-18 14:39:21|  18.5|  0.0|STATS |Destination Feature Type Routing Correlator (RoutingFactory): Tested 0 input feature(s), wrote 0 output feature(s): 0 matched merge filters, 0 were routed to output, 0 could not be routed.
2023-12-18 14:39:21|  18.5|  0.0|STATS |Final Output Nuker (TeeFactory): Cloned 0 input feature(s) into 0 output feature(s)
2023-12-18 14:39:21|  18.5|  0.0|STATS |VisualizerProcessor (CreationFactory): Created 1 features
2023-12-18 14:39:21|  18.5|  0.0|STATS |VisualizerCleaner (TeeFactory): Cloned 1 input feature(s) into 0 output feature(s)
2023-12-18 14:39:21|  18.5|  0.0|STATS |=-=-=-=-=-=-=-=-=-=-=-=-=-=-=-=-=-=-=-=-=-=-=-=-=-=-=-=-=-=-=-=-=-=-=-=-=-=-=-
2023-12-18 14:39:21|  18.5|  0.0|STATS |                            Features Read Summary
2023-12-18 14:39:21|  18.5|  0.0|STATS |=-=-=-=-=-=-=-=-=-=-=-=-=-=-=-=-=-=-=-=-=-=-=-=-=-=-=-=-=-=-=-=-=-=-=-=-=-=-=-
2023-12-18 14:39:21|  18.5|  0.0|STATS |==============================================================================
2023-12-18 14:39:21|  18.5|  0.0|STATS |Total Features Read                                                          0
2023-12-18 14:39:21|  18.5|  0.0|STATS |=-=-=-=-=-=-=-=-=-=-=-=-=-=-=-=-=-=-=-=-=-=-=-=-=-=-=-=-=-=-=-=-=-=-=-=-=-=-=-
2023-12-18 14:39:21|  18.5|  0.0|STATS |=-=-=-=-=-=-=-=-=-=-=-=-=-=-=-=-=-=-=-=-=-=-=-=-=-=-=-=-=-=-=-=-=-=-=-=-=-=-=-
2023-12-18 14:39:21|  18.5|  0.0|STATS |                           Features Written Summary
2023-12-18 14:39:21|  18.5|  0.0|STATS |=-=-=-=-=-=-=-=-=-=-=-=-=-=-=-=-=-=-=-=-=-=-=-=-=-=-=-=-=-=-=-=-=-=-=-=-=-=-=-
2023-12-18 14:39:21|  18.5|  0.0|STATS |==============================================================================
2023-12-18 14:39:21|  18.5|  0.0|STATS |Total Features Written                                                       0
2023-12-18 14:39:21|  18.5|  0.0|STATS |=-=-=-=-=-=-=-=-=-=-=-=-=-=-=-=-=-=-=-=-=-=-=-=-=-=-=-=-=-=-=-=-=-=-=-=-=-=-=-
2023-12-18 14:39:21|  18.5|  0.0|WARN  |-~-~-~-~-~-~-~-~-~-~-~-~-~-~-~-~-~-~-~-~-~-~-~-~-~-~-~-~-~-~-~-~-~-~-~-~-~-~-~-~-
2023-12-18 14:39:21|  18.5|  0.0|WARN  |-~                                                                             ~-
2023-12-18 14:39:21|  18.5|  0.0|WARN  |-~    Feature caches have been recorded at every stage of the translation.     ~-
2023-12-18 14:39:21|  18.5|  0.0|WARN  |-~                      To inspect the recorded features,                      ~-
2023-12-18 14:39:21|  18.5|  0.0|WARN  |-~              click the feature cache icons next to the ports.               ~-
2023-12-18 14:39:21|  18.5|  0.0|WARN  |-~                                                                             ~-
2023-12-18 14:39:21|  18.5|  0.0|WARN  |-~-~-~-~-~-~-~-~-~-~-~-~-~-~-~-~-~-~-~-~-~-~-~-~-~-~-~-~-~-~-~-~-~-~-~-~-~-~-~-~-
2023-12-18 14:39:21|  18.5|  0.0|INFORM|Translation was SUCCESSFUL with 7 warning(s) (0 feature(s) output)
2023-12-18 14:39:21|  18.5|  0.0|INFORM|FME Session Duration: 40.3 seconds. (CPU: 3.2s user, 15.3s system)
2023-12-18 14:39:21|  18.5|  0.0|INFORM|END - ProcessID: 4404, peak process memory usage: 110432 kB, current process memory usage: 106332 kB
